<?xml version="1.0" encoding="UTF-8"?>
<!-- Generated by org.testng.reporters.JUnitReportReporter -->
<testsuite hostname="Macs-MacBook-Pro.local" name="com.Duva.Sawko.Testsuit" tests="1" failures="0" timestamp="20 Mar 2021 06:57:16 GMT" time="62.742" errors="0">
  <testcase name="Verify_to_display_error_message_chart_number_is_blank" time="62.742" classname="com.Duva.Sawko.Testsuit"/>
</testsuite> <!-- com.Duva.Sawko.Testsuit -->
