<?xml version="1.0" encoding="UTF-8"?>
<!-- Generated by org.testng.reporters.JUnitReportReporter -->
<testsuite hostname="androids-MacBook-Pro.local" name="com.Duva.Sawko.Testsuit" tests="1" failures="0" timestamp="9 Dec 2021 17:59:45 GMT" time="66.761" errors="0">
  <testcase name="Verify_to_view_MR_Finalize_same_in_for_date_Test_History_by_Day" time="66.761" classname="com.Duva.Sawko.Testsuit"/>
</testsuite> <!-- com.Duva.Sawko.Testsuit -->
