<?xml version="1.0" encoding="UTF-8"?>
<!-- Generated by org.testng.reporters.JUnitReportReporter -->
<testsuite hostname="androids-MacBook-Pro.local" name="com.Duva.Sawko.Testsuit" tests="1" failures="0" timestamp="11 Dec 2021 14:41:26 GMT" time="78.106" errors="0">
  <testcase name="Verify_to_download_Excel_file_and_view_data_of_Student_Progress" time="78.106" classname="com.Duva.Sawko.Testsuit"/>
</testsuite> <!-- com.Duva.Sawko.Testsuit -->
