<?xml version="1.0" encoding="UTF-8"?>
<!-- Generated by org.testng.reporters.JUnitReportReporter -->
<testsuite hostname="androids-MacBook-Pro.local" name="com.Duva.Sawko.Testsuit" tests="1" failures="0" timestamp="19 Jun 2021 15:31:43 GMT" time="105.040" errors="0">
  <testcase name="Verify_to_HPI_Parser_select_New_by_default_in_Is_this_a_new_or_established_problem" time="105.040" classname="com.Duva.Sawko.Testsuit"/>
</testsuite> <!-- com.Duva.Sawko.Testsuit -->
