<?xml version="1.0" encoding="UTF-8"?>
<!-- Generated by org.testng.reporters.JUnitReportReporter -->
<testsuite hostname="androids-MacBook-Pro.local" name="com.Duva.Sawko.Testsuit" tests="1" failures="0" timestamp="18 Sep 2021 14:59:14 GMT" time="65.145" errors="0">
  <testcase name="Verify_that_if_Student_has_not_started_it_shouldnt_display_Failed_message" time="65.145" classname="com.Duva.Sawko.Testsuit"/>
</testsuite> <!-- com.Duva.Sawko.Testsuit -->
