<?xml version="1.0" encoding="UTF-8"?>
<!-- Generated by org.testng.reporters.JUnitReportReporter -->
<testsuite hostname="Macs-MacBook-Pro.local" name="com.Duva.Sawko.Testsuit" tests="1" failures="0" timestamp="24 Apr 2021 06:53:32 GMT" time="70.696" errors="0">
  <testcase name="Verify_to_Edit_Pages_and_no_unwanted_flash_message_display" time="70.696" classname="com.Duva.Sawko.Testsuit"/>
</testsuite> <!-- com.Duva.Sawko.Testsuit -->
