<?xml version="1.0" encoding="UTF-8"?>
<!-- Generated by org.testng.reporters.JUnitReportReporter -->
<testsuite hostname="androids-MacBook-Pro.local" name="com.Duva.Sawko.Testsuit" tests="1" failures="0" timestamp="28 Aug 2021 09:07:07 GMT" time="62.574" errors="0">
  <testcase name="Verify_to_delete_lock_chart" time="62.574" classname="com.Duva.Sawko.Testsuit"/>
</testsuite> <!-- com.Duva.Sawko.Testsuit -->
