<?xml version="1.0" encoding="UTF-8"?>
<!-- Generated by org.testng.reporters.JUnitReportReporter -->
<testsuite hostname="androids-MacBook-Pro.local" name="com.Duva.Sawko.Testsuit" tests="1" failures="0" timestamp="9 Jan 2022 10:16:23 GMT" time="85.544" errors="0">
  <testcase name="Verify_to_display_error_message_when_all_fields_are_blank_and_also_already_used_email_address" time="85.544" classname="com.Duva.Sawko.Testsuit"/>
</testsuite> <!-- com.Duva.Sawko.Testsuit -->
