<?xml version="1.0" encoding="UTF-8"?>
<!-- Generated by org.testng.reporters.JUnitReportReporter -->
<testsuite hostname="androids-MacBook-Pro.local" name="com.Duva.Sawko.Testsuit" tests="1" failures="0" timestamp="5 Dec 2021 14:29:42 GMT" time="75.759" errors="0">
  <testcase name="Verify_to_update_Score_perfectly_when_student_score_edited" time="75.759" classname="com.Duva.Sawko.Testsuit"/>
</testsuite> <!-- com.Duva.Sawko.Testsuit -->
