<?xml version="1.0" encoding="UTF-8"?>
<!-- Generated by org.testng.reporters.JUnitReportReporter -->
<testsuite hostname="Macs-MacBook-Pro.local" name="com.Duva.Sawko.Testsuit" tests="1" failures="0" timestamp="10 Apr 2021 11:37:00 GMT" time="124.698" errors="0">
  <testcase name="Verify_to_select_incorrect_chart_and_that_chart_shouldnt_save" time="124.698" classname="com.Duva.Sawko.Testsuit"/>
</testsuite> <!-- com.Duva.Sawko.Testsuit -->
