<?xml version="1.0" encoding="UTF-8"?>
<!-- Generated by org.testng.reporters.JUnitReportReporter -->
<testsuite hostname="androids-MBP" name="com.Duva.Sawko.Testsuit" tests="1" failures="0" timestamp="7 Aug 2021 11:16:56 GMT" time="75.097" errors="0">
  <testcase name="Verify_to_Display_any_message_in_extra_space_area" time="75.097" classname="com.Duva.Sawko.Testsuit"/>
</testsuite> <!-- com.Duva.Sawko.Testsuit -->
